{"/Users/tomchristian/www/sandbox/nodejs/crypto-tracker/src/integrations/Binance/Api.spec.js":{"path":"/Users/tomchristian/www/sandbox/nodejs/crypto-tracker/src/integrations/Binance/Api.spec.js","s":{"1":1,"2":1,"3":1,"4":1,"5":1,"6":1,"7":1,"8":1,"9":1,"10":1,"11":1,"12":1,"13":1,"14":3,"15":3,"16":3,"17":1,"18":1,"19":1,"20":1,"21":1,"22":1,"23":1,"24":1,"25":1,"26":1,"27":1,"28":1,"29":1,"30":1,"31":1,"32":1,"33":1,"34":1,"35":1,"36":1,"37":1,"38":1,"39":1,"40":1,"41":1,"42":1,"43":1,"44":1,"45":1,"46":1,"47":1,"48":1,"49":1,"50":1,"51":1,"52":1,"53":1,"54":1,"55":1,"56":1,"57":1,"58":1,"59":1,"60":1,"61":1,"62":1,"63":1,"64":1,"65":1,"66":1,"67":1,"68":1,"69":1,"70":1,"71":1,"72":1},"b":{},"f":{},"fnMap":{},"statementMap":{"1":{"start":{"line":1,"column":0},"end":{"line":1,"column":32}},"2":{"start":{"line":2,"column":0},"end":{"line":2,"column":46}},"3":{"start":{"line":3,"column":0},"end":{"line":3,"column":32}},"4":{"start":{"line":5,"column":0},"end":{"line":16,"column":2}},"5":{"start":{"line":6,"column":2},"end":{"line":6,"column":9}},"6":{"start":{"line":8,"column":2},"end":{"line":10,"column":4}},"7":{"start":{"line":9,"column":4},"end":{"line":9,"column":54}},"8":{"start":{"line":12,"column":2},"end":{"line":15,"column":4}},"9":{"start":{"line":13,"column":4},"end":{"line":13,"column":35}},"10":{"start":{"line":14,"column":4},"end":{"line":14,"column":38}},"11":{"start":{"line":18,"column":0},"end":{"line":74,"column":2}},"12":{"start":{"line":19,"column":2},"end":{"line":19,"column":9}},"13":{"start":{"line":21,"column":2},"end":{"line":25,"column":4}},"14":{"start":{"line":22,"column":4},"end":{"line":22,"column":54}},"15":{"start":{"line":23,"column":4},"end":{"line":23,"column":25}},"16":{"start":{"line":24,"column":4},"end":{"line":24,"column":36}},"17":{"start":{"line":27,"column":2},"end":{"line":34,"column":4}},"18":{"start":{"line":28,"column":4},"end":{"line":33,"column":29}},"19":{"start":{"line":36,"column":2},"end":{"line":51,"column":4}},"20":{"start":{"line":37,"column":4},"end":{"line":41,"column":6}},"21":{"start":{"line":38,"column":6},"end":{"line":38,"column":56}},"22":{"start":{"line":39,"column":6},"end":{"line":39,"column":27}},"23":{"start":{"line":40,"column":6},"end":{"line":40,"column":84}},"24":{"start":{"line":43,"column":4},"end":{"line":50,"column":6}},"25":{"start":{"line":44,"column":6},"end":{"line":49,"column":54}},"26":{"start":{"line":53,"column":2},"end":{"line":73,"column":4}},"27":{"start":{"line":54,"column":4},"end":{"line":54,"column":11}},"28":{"start":{"line":55,"column":4},"end":{"line":55,"column":17}},"29":{"start":{"line":57,"column":4},"end":{"line":63,"column":6}},"30":{"start":{"line":58,"column":6},"end":{"line":58,"column":56}},"31":{"start":{"line":59,"column":6},"end":{"line":59,"column":33}},"32":{"start":{"line":60,"column":6},"end":{"line":60,"column":27}},"33":{"start":{"line":61,"column":6},"end":{"line":61,"column":87}},"34":{"start":{"line":61,"column":63},"end":{"line":61,"column":84}},"35":{"start":{"line":61,"column":79},"end":{"line":61,"column":82}},"36":{"start":{"line":62,"column":6},"end":{"line":62,"column":65}},"37":{"start":{"line":65,"column":4},"end":{"line":72,"column":6}},"38":{"start":{"line":66,"column":6},"end":{"line":71,"column":31}},"39":{"start":{"line":76,"column":0},"end":{"line":88,"column":2}},"40":{"start":{"line":77,"column":2},"end":{"line":77,"column":9}},"41":{"start":{"line":79,"column":2},"end":{"line":83,"column":4}},"42":{"start":{"line":80,"column":4},"end":{"line":80,"column":54}},"43":{"start":{"line":81,"column":4},"end":{"line":81,"column":24}},"44":{"start":{"line":82,"column":4},"end":{"line":82,"column":14}},"45":{"start":{"line":85,"column":2},"end":{"line":87,"column":4}},"46":{"start":{"line":86,"column":4},"end":{"line":86,"column":72}},"47":{"start":{"line":90,"column":0},"end":{"line":102,"column":2}},"48":{"start":{"line":91,"column":2},"end":{"line":91,"column":9}},"49":{"start":{"line":93,"column":2},"end":{"line":97,"column":4}},"50":{"start":{"line":94,"column":4},"end":{"line":94,"column":54}},"51":{"start":{"line":95,"column":4},"end":{"line":95,"column":24}},"52":{"start":{"line":96,"column":4},"end":{"line":96,"column":14}},"53":{"start":{"line":99,"column":2},"end":{"line":101,"column":4}},"54":{"start":{"line":100,"column":4},"end":{"line":100,"column":72}},"55":{"start":{"line":104,"column":0},"end":{"line":117,"column":2}},"56":{"start":{"line":105,"column":2},"end":{"line":105,"column":9}},"57":{"start":{"line":107,"column":2},"end":{"line":112,"column":4}},"58":{"start":{"line":108,"column":4},"end":{"line":108,"column":54}},"59":{"start":{"line":109,"column":4},"end":{"line":109,"column":41}},"60":{"start":{"line":110,"column":4},"end":{"line":110,"column":24}},"61":{"start":{"line":111,"column":4},"end":{"line":111,"column":17}},"62":{"start":{"line":114,"column":2},"end":{"line":116,"column":4}},"63":{"start":{"line":115,"column":4},"end":{"line":115,"column":96}},"64":{"start":{"line":119,"column":0},"end":{"line":132,"column":2}},"65":{"start":{"line":120,"column":2},"end":{"line":120,"column":9}},"66":{"start":{"line":122,"column":2},"end":{"line":127,"column":4}},"67":{"start":{"line":123,"column":4},"end":{"line":123,"column":54}},"68":{"start":{"line":124,"column":4},"end":{"line":124,"column":41}},"69":{"start":{"line":125,"column":4},"end":{"line":125,"column":24}},"70":{"start":{"line":126,"column":4},"end":{"line":126,"column":27}},"71":{"start":{"line":129,"column":2},"end":{"line":131,"column":4}},"72":{"start":{"line":130,"column":4},"end":{"line":130,"column":116}}},"branchMap":{}},"/Users/tomchristian/www/sandbox/nodejs/crypto-tracker/src/integrations/Binance/Api.js":{"path":"/Users/tomchristian/www/sandbox/nodejs/crypto-tracker/src/integrations/Binance/Api.js","s":{"1":1,"2":1,"3":1,"4":21,"5":21,"6":21,"7":1,"8":1,"9":5,"10":5,"11":5,"12":5,"13":1,"14":5,"15":1,"16":4,"17":4,"18":0,"19":0,"20":0,"21":1,"22":1,"23":1,"24":1,"25":1},"b":{"1":[1,4],"2":[1,4],"3":[0,0]},"f":{"1":21,"2":1,"3":1,"4":5,"5":1,"6":1,"7":1,"8":1},"fnMap":{"1":{"name":"(anonymous_1)","line":8,"loc":{"start":{"line":8,"column":13},"end":{"line":11,"column":5}}},"2":{"name":"(anonymous_2)","line":17,"loc":{"start":{"line":17,"column":11},"end":{"line":17,"column":14}}},"3":{"name":"(anonymous_3)","line":21,"loc":{"start":{"line":21,"column":6},"end":{"line":21,"column":20}}},"4":{"name":"(anonymous_4)","line":27,"loc":{"start":{"line":27,"column":7},"end":{"line":27,"column":45}}},"5":{"name":"(anonymous_5)","line":60,"loc":{"start":{"line":60,"column":6},"end":{"line":60,"column":11}}},"6":{"name":"(anonymous_6)","line":64,"loc":{"start":{"line":64,"column":6},"end":{"line":64,"column":11}}},"7":{"name":"(anonymous_7)","line":68,"loc":{"start":{"line":68,"column":9},"end":{"line":68,"column":14}}},"8":{"name":"(anonymous_8)","line":72,"loc":{"start":{"line":72,"column":11},"end":{"line":72,"column":24}}}},"statementMap":{"1":{"start":{"line":1,"column":0},"end":{"line":1,"column":33}},"2":{"start":{"line":2,"column":0},"end":{"line":2,"column":32}},"3":{"start":{"line":3,"column":0},"end":{"line":3,"column":46}},"4":{"start":{"line":12,"column":4},"end":{"line":12,"column":30}},"5":{"start":{"line":13,"column":4},"end":{"line":13,"column":24}},"6":{"start":{"line":14,"column":4},"end":{"line":14,"column":26}},"7":{"start":{"line":18,"column":4},"end":{"line":18,"column":31}},"8":{"start":{"line":22,"column":4},"end":{"line":24,"column":21}},"9":{"start":{"line":28,"column":4},"end":{"line":28,"column":19}},"10":{"start":{"line":30,"column":4},"end":{"line":30,"column":37}},"11":{"start":{"line":32,"column":4},"end":{"line":39,"column":5}},"12":{"start":{"line":41,"column":4},"end":{"line":43,"column":5}},"13":{"start":{"line":42,"column":6},"end":{"line":42,"column":60}},"14":{"start":{"line":45,"column":4},"end":{"line":57,"column":5}},"15":{"start":{"line":46,"column":6},"end":{"line":46,"column":37}},"16":{"start":{"line":48,"column":6},"end":{"line":56,"column":7}},"17":{"start":{"line":49,"column":8},"end":{"line":55,"column":10}},"18":{"start":{"line":50,"column":10},"end":{"line":52,"column":11}},"19":{"start":{"line":51,"column":12},"end":{"line":51,"column":25}},"20":{"start":{"line":54,"column":10},"end":{"line":54,"column":25}},"21":{"start":{"line":61,"column":4},"end":{"line":61,"column":44}},"22":{"start":{"line":65,"column":4},"end":{"line":65,"column":44}},"23":{"start":{"line":69,"column":4},"end":{"line":69,"column":82}},"24":{"start":{"line":73,"column":4},"end":{"line":73,"column":92}},"25":{"start":{"line":77,"column":0},"end":{"line":77,"column":20}}},"branchMap":{"1":{"line":41,"type":"if","locations":[{"start":{"line":41,"column":4},"end":{"line":41,"column":4}},{"start":{"line":41,"column":4},"end":{"line":41,"column":4}}]},"2":{"line":45,"type":"if","locations":[{"start":{"line":45,"column":4},"end":{"line":45,"column":4}},{"start":{"line":45,"column":4},"end":{"line":45,"column":4}}]},"3":{"line":50,"type":"if","locations":[{"start":{"line":50,"column":10},"end":{"line":50,"column":10}},{"start":{"line":50,"column":10},"end":{"line":50,"column":10}}]}}},"/Users/tomchristian/www/sandbox/nodejs/crypto-tracker/src/utils/request.js":{"path":"/Users/tomchristian/www/sandbox/nodejs/crypto-tracker/src/utils/request.js","s":{"1":1,"2":1,"3":0,"4":0,"5":0,"6":0,"7":0,"8":0},"b":{},"f":{},"fnMap":{},"statementMap":{"1":{"start":{"line":1,"column":0},"end":{"line":1,"column":34}},"2":{"start":{"line":3,"column":0},"end":{"line":13,"column":1}},"3":{"start":{"line":4,"column":2},"end":{"line":12,"column":4}},"4":{"start":{"line":5,"column":4},"end":{"line":11,"column":5}},"5":{"start":{"line":6,"column":6},"end":{"line":6,"column":32}},"6":{"start":{"line":7,"column":6},"end":{"line":7,"column":23}},"7":{"start":{"line":9,"column":6},"end":{"line":9,"column":21}},"8":{"start":{"line":10,"column":6},"end":{"line":10,"column":29}}},"branchMap":{}},"/Users/tomchristian/www/sandbox/nodejs/crypto-tracker/src/integrations/Binance/Sync.spec.js":{"path":"/Users/tomchristian/www/sandbox/nodejs/crypto-tracker/src/integrations/Binance/Sync.spec.js","s":{"1":1,"2":1,"3":1,"4":1,"5":1,"6":1,"7":1,"8":6,"9":6,"10":6,"11":1,"12":1,"13":1,"14":1,"15":1,"16":1,"17":1,"18":1,"19":1,"20":1,"21":1,"22":1,"23":3,"24":3,"25":3,"26":3,"27":3,"28":3,"29":1,"30":1,"31":1,"32":1,"33":1,"34":1,"35":1,"36":1,"37":1,"38":1,"39":1,"40":1,"41":1,"42":1,"43":1,"44":1},"b":{},"f":{},"fnMap":{},"statementMap":{"1":{"start":{"line":1,"column":0},"end":{"line":1,"column":36}},"2":{"start":{"line":2,"column":0},"end":{"line":2,"column":37}},"3":{"start":{"line":4,"column":0},"end":{"line":8,"column":1}},"4":{"start":{"line":10,"column":0},"end":{"line":84,"column":2}},"5":{"start":{"line":11,"column":2},"end":{"line":11,"column":9}},"6":{"start":{"line":12,"column":2},"end":{"line":12,"column":9}},"7":{"start":{"line":14,"column":2},"end":{"line":20,"column":4}},"8":{"start":{"line":15,"column":4},"end":{"line":15,"column":41}},"9":{"start":{"line":17,"column":4},"end":{"line":17,"column":29}},"10":{"start":{"line":19,"column":4},"end":{"line":19,"column":14}},"11":{"start":{"line":22,"column":2},"end":{"line":24,"column":4}},"12":{"start":{"line":23,"column":4},"end":{"line":23,"column":46}},"13":{"start":{"line":26,"column":2},"end":{"line":36,"column":4}},"14":{"start":{"line":27,"column":4},"end":{"line":27,"column":11}},"15":{"start":{"line":29,"column":4},"end":{"line":31,"column":6}},"16":{"start":{"line":30,"column":6},"end":{"line":30,"column":43}},"17":{"start":{"line":33,"column":4},"end":{"line":35,"column":6}},"18":{"start":{"line":34,"column":6},"end":{"line":34,"column":96}},"19":{"start":{"line":34,"column":19},"end":{"line":34,"column":67}},"20":{"start":{"line":38,"column":2},"end":{"line":69,"column":4}},"21":{"start":{"line":39,"column":4},"end":{"line":39,"column":11}},"22":{"start":{"line":41,"column":4},"end":{"line":49,"column":6}},"23":{"start":{"line":42,"column":6},"end":{"line":42,"column":43}},"24":{"start":{"line":44,"column":6},"end":{"line":44,"column":51}},"25":{"start":{"line":45,"column":6},"end":{"line":45,"column":29}},"26":{"start":{"line":46,"column":6},"end":{"line":46,"column":56}},"27":{"start":{"line":46,"column":49},"end":{"line":46,"column":53}},"28":{"start":{"line":48,"column":6},"end":{"line":48,"column":63}},"29":{"start":{"line":51,"column":4},"end":{"line":53,"column":6}},"30":{"start":{"line":52,"column":6},"end":{"line":52,"column":67}},"31":{"start":{"line":55,"column":4},"end":{"line":64,"column":6}},"32":{"start":{"line":56,"column":6},"end":{"line":63,"column":8}},"33":{"start":{"line":66,"column":4},"end":{"line":68,"column":6}},"34":{"start":{"line":67,"column":6},"end":{"line":67,"column":46}},"35":{"start":{"line":71,"column":2},"end":{"line":83,"column":4}},"36":{"start":{"line":72,"column":4},"end":{"line":78,"column":6}},"37":{"start":{"line":73,"column":6},"end":{"line":73,"column":43}},"38":{"start":{"line":75,"column":6},"end":{"line":75,"column":51}},"39":{"start":{"line":76,"column":6},"end":{"line":76,"column":48}},"40":{"start":{"line":77,"column":6},"end":{"line":77,"column":67}},"41":{"start":{"line":77,"column":60},"end":{"line":77,"column":64}},"42":{"start":{"line":80,"column":4},"end":{"line":82,"column":6}},"43":{"start":{"line":81,"column":6},"end":{"line":81,"column":88}},"44":{"start":{"line":81,"column":19},"end":{"line":81,"column":76}}},"branchMap":{}},"/Users/tomchristian/www/sandbox/nodejs/crypto-tracker/src/utils/db.js":{"path":"/Users/tomchristian/www/sandbox/nodejs/crypto-tracker/src/utils/db.js","s":{"1":1,"2":1,"3":0,"4":0,"5":0,"6":0,"7":0,"8":1},"b":{"1":[0,0]},"f":{"1":1,"2":0},"fnMap":{"1":{"name":"(anonymous_1)","line":4,"loc":{"start":{"line":4,"column":13},"end":{"line":4,"column":16}}},"2":{"name":"(anonymous_2)","line":8,"loc":{"start":{"line":8,"column":5},"end":{"line":8,"column":17}}}},"statementMap":{"1":{"start":{"line":1,"column":0},"end":{"line":1,"column":53}},"2":{"start":{"line":5,"column":4},"end":{"line":5,"column":43}},"3":{"start":{"line":9,"column":4},"end":{"line":17,"column":6}},"4":{"start":{"line":10,"column":6},"end":{"line":16,"column":8}},"5":{"start":{"line":11,"column":8},"end":{"line":15,"column":9}},"6":{"start":{"line":12,"column":10},"end":{"line":12,"column":21}},"7":{"start":{"line":14,"column":10},"end":{"line":14,"column":23}},"8":{"start":{"line":21,"column":0},"end":{"line":21,"column":31}}},"branchMap":{"1":{"line":11,"type":"if","locations":[{"start":{"line":11,"column":8},"end":{"line":11,"column":8}},{"start":{"line":11,"column":8},"end":{"line":11,"column":8}}]}}},"/Users/tomchristian/www/sandbox/nodejs/crypto-tracker/src/integrations/Binance/Sync.js":{"path":"/Users/tomchristian/www/sandbox/nodejs/crypto-tracker/src/integrations/Binance/Sync.js","s":{"1":1,"2":1,"3":11,"4":11,"5":11,"6":11,"7":11,"8":0,"9":0,"10":0,"11":0,"12":0,"13":4,"14":12,"15":8,"16":8,"17":2,"18":5,"19":5,"20":5,"21":1,"22":0,"23":4,"24":4,"25":4,"26":6,"27":1},"b":{"1":[1,4],"2":[4,0]},"f":{"1":11,"2":0,"3":4,"4":2,"5":5,"6":6},"fnMap":{"1":{"name":"(anonymous_1)","line":5,"loc":{"start":{"line":5,"column":13},"end":{"line":10,"column":5}}},"2":{"name":"(anonymous_2)","line":19,"loc":{"start":{"line":19,"column":11},"end":{"line":19,"column":14}}},"3":{"name":"(anonymous_3)","line":30,"loc":{"start":{"line":30,"column":16},"end":{"line":30,"column":27}}},"4":{"name":"(anonymous_4)","line":39,"loc":{"start":{"line":39,"column":13},"end":{"line":39,"column":19}}},"5":{"name":"(anonymous_5)","line":43,"loc":{"start":{"line":43,"column":16},"end":{"line":43,"column":32}}},"6":{"name":"(anonymous_6)","line":58,"loc":{"start":{"line":58,"column":6},"end":{"line":58,"column":9}}}},"statementMap":{"1":{"start":{"line":1,"column":0},"end":{"line":1,"column":35}},"2":{"start":{"line":2,"column":0},"end":{"line":2,"column":36}},"3":{"start":{"line":11,"column":4},"end":{"line":11,"column":24}},"4":{"start":{"line":12,"column":4},"end":{"line":12,"column":28}},"5":{"start":{"line":13,"column":4},"end":{"line":13,"column":52}},"6":{"start":{"line":15,"column":4},"end":{"line":15,"column":46}},"7":{"start":{"line":16,"column":4},"end":{"line":16,"column":56}},"8":{"start":{"line":20,"column":4},"end":{"line":23,"column":10}},"9":{"start":{"line":21,"column":6},"end":{"line":21,"column":50}},"10":{"start":{"line":22,"column":6},"end":{"line":22,"column":24}},"11":{"start":{"line":25,"column":4},"end":{"line":27,"column":6}},"12":{"start":{"line":26,"column":6},"end":{"line":26,"column":34}},"13":{"start":{"line":31,"column":4},"end":{"line":36,"column":12}},"14":{"start":{"line":32,"column":22},"end":{"line":32,"column":47}},"15":{"start":{"line":34,"column":8},"end":{"line":34,"column":66}},"16":{"start":{"line":35,"column":8},"end":{"line":35,"column":26}},"17":{"start":{"line":40,"column":4},"end":{"line":40,"column":20}},"18":{"start":{"line":44,"column":4},"end":{"line":44,"column":26}},"19":{"start":{"line":45,"column":4},"end":{"line":45,"column":30}},"20":{"start":{"line":47,"column":4},"end":{"line":50,"column":5}},"21":{"start":{"line":48,"column":6},"end":{"line":48,"column":29}},"22":{"start":{"line":49,"column":6},"end":{"line":49,"column":18}},"23":{"start":{"line":52,"column":4},"end":{"line":55,"column":5}},"24":{"start":{"line":53,"column":6},"end":{"line":53,"column":59}},"25":{"start":{"line":54,"column":6},"end":{"line":54,"column":79}},"26":{"start":{"line":59,"column":4},"end":{"line":59,"column":41}},"27":{"start":{"line":63,"column":0},"end":{"line":63,"column":28}}},"branchMap":{"1":{"line":47,"type":"if","locations":[{"start":{"line":47,"column":4},"end":{"line":47,"column":4}},{"start":{"line":47,"column":4},"end":{"line":47,"column":4}}]},"2":{"line":52,"type":"if","locations":[{"start":{"line":52,"column":4},"end":{"line":52,"column":4}},{"start":{"line":52,"column":4},"end":{"line":52,"column":4}}]}}},"/Users/tomchristian/www/sandbox/nodejs/crypto-tracker/app.js":{"path":"/Users/tomchristian/www/sandbox/nodejs/crypto-tracker/app.js","s":{"1":0,"2":0,"3":0,"4":0,"5":0,"6":0,"7":0,"8":0},"b":{},"f":{},"fnMap":{},"statementMap":{"1":{"start":{"line":2,"column":0},"end":{"line":2,"column":34}},"2":{"start":{"line":3,"column":0},"end":{"line":3,"column":33}},"3":{"start":{"line":4,"column":0},"end":{"line":4,"column":32}},"4":{"start":{"line":5,"column":0},"end":{"line":5,"column":53}},"5":{"start":{"line":6,"column":0},"end":{"line":6,"column":37}},"6":{"start":{"line":8,"column":0},"end":{"line":8,"column":62}},"7":{"start":{"line":10,"column":0},"end":{"line":15,"column":2}},"8":{"start":{"line":17,"column":0},"end":{"line":17,"column":11}}},"branchMap":{}},"/Users/tomchristian/www/sandbox/nodejs/crypto-tracker/secretStuff.js":{"path":"/Users/tomchristian/www/sandbox/nodejs/crypto-tracker/secretStuff.js","s":{"1":0},"b":{},"f":{},"fnMap":{},"statementMap":{"1":{"start":{"line":1,"column":0},"end":{"line":6,"column":1}}},"branchMap":{}},"/Users/tomchristian/www/sandbox/nodejs/crypto-tracker/src/utils/db.spec.js":{"path":"/Users/tomchristian/www/sandbox/nodejs/crypto-tracker/src/utils/db.spec.js","s":{},"b":{},"f":{},"fnMap":{},"statementMap":{},"branchMap":{}},"/Users/tomchristian/www/sandbox/nodejs/crypto-tracker/src/utils/request.spec.js":{"path":"/Users/tomchristian/www/sandbox/nodejs/crypto-tracker/src/utils/request.spec.js","s":{},"b":{},"f":{},"fnMap":{},"statementMap":{},"branchMap":{}}}