TN:
SF:/Users/tomchristian/www/sandbox/nodejs/crypto-tracker/src/integrations/Binance/Api.spec.js
FNF:0
FNH:0
DA:1,1
DA:2,1
DA:3,1
DA:5,1
DA:6,1
DA:8,1
DA:9,1
DA:12,1
DA:13,1
DA:14,1
DA:18,1
DA:19,1
DA:21,1
DA:22,3
DA:23,3
DA:24,3
DA:27,1
DA:28,1
DA:36,1
DA:37,1
DA:38,1
DA:39,1
DA:40,1
DA:43,1
DA:44,1
DA:53,1
DA:54,1
DA:55,1
DA:57,1
DA:58,1
DA:59,1
DA:60,1
DA:61,1
DA:62,1
DA:65,1
DA:66,1
DA:76,1
DA:77,1
DA:79,1
DA:80,1
DA:81,1
DA:82,1
DA:85,1
DA:86,1
DA:90,1
DA:91,1
DA:93,1
DA:94,1
DA:95,1
DA:96,1
DA:99,1
DA:100,1
DA:104,1
DA:105,1
DA:107,1
DA:108,1
DA:109,1
DA:110,1
DA:111,1
DA:114,1
DA:115,1
DA:119,1
DA:120,1
DA:122,1
DA:123,1
DA:124,1
DA:125,1
DA:126,1
DA:129,1
DA:130,1
LF:70
LH:70
BRF:0
BRH:0
end_of_record
TN:
SF:/Users/tomchristian/www/sandbox/nodejs/crypto-tracker/src/integrations/Binance/Api.js
FN:8,(anonymous_1)
FN:17,(anonymous_2)
FN:21,(anonymous_3)
FN:27,(anonymous_4)
FN:60,(anonymous_5)
FN:64,(anonymous_6)
FN:68,(anonymous_7)
FN:72,(anonymous_8)
FNF:8
FNH:8
FNDA:21,(anonymous_1)
FNDA:1,(anonymous_2)
FNDA:1,(anonymous_3)
FNDA:5,(anonymous_4)
FNDA:1,(anonymous_5)
FNDA:1,(anonymous_6)
FNDA:1,(anonymous_7)
FNDA:1,(anonymous_8)
DA:1,1
DA:2,1
DA:3,1
DA:12,21
DA:13,21
DA:14,21
DA:18,1
DA:22,1
DA:28,5
DA:30,5
DA:32,5
DA:41,5
DA:42,1
DA:45,5
DA:46,1
DA:48,4
DA:49,4
DA:50,0
DA:51,0
DA:54,0
DA:61,1
DA:65,1
DA:69,1
DA:73,1
DA:77,1
LF:25
LH:22
BRDA:41,1,0,1
BRDA:41,1,1,4
BRDA:45,2,0,1
BRDA:45,2,1,4
BRDA:50,3,0,0
BRDA:50,3,1,0
BRF:6
BRH:4
end_of_record
TN:
SF:/Users/tomchristian/www/sandbox/nodejs/crypto-tracker/src/utils/request.js
FNF:0
FNH:0
DA:1,1
DA:3,1
DA:4,0
DA:5,0
DA:6,0
DA:7,0
DA:9,0
DA:10,0
LF:8
LH:2
BRF:0
BRH:0
end_of_record
TN:
SF:/Users/tomchristian/www/sandbox/nodejs/crypto-tracker/src/integrations/Binance/Sync.spec.js
FNF:0
FNH:0
DA:1,1
DA:2,1
DA:4,1
DA:10,1
DA:11,1
DA:12,1
DA:14,1
DA:15,6
DA:17,6
DA:19,6
DA:22,1
DA:23,1
DA:26,1
DA:27,1
DA:29,1
DA:30,1
DA:33,1
DA:34,1
DA:38,1
DA:39,1
DA:41,1
DA:42,3
DA:44,3
DA:45,3
DA:46,3
DA:48,3
DA:51,1
DA:52,1
DA:55,1
DA:56,1
DA:66,1
DA:67,1
DA:71,1
DA:72,1
DA:73,1
DA:75,1
DA:76,1
DA:77,1
DA:80,1
DA:81,1
LF:40
LH:40
BRF:0
BRH:0
end_of_record
TN:
SF:/Users/tomchristian/www/sandbox/nodejs/crypto-tracker/src/utils/db.js
FN:4,(anonymous_1)
FN:8,(anonymous_2)
FNF:2
FNH:1
FNDA:1,(anonymous_1)
FNDA:0,(anonymous_2)
DA:1,1
DA:5,1
DA:9,0
DA:10,0
DA:11,0
DA:12,0
DA:14,0
DA:21,1
LF:8
LH:3
BRDA:11,1,0,0
BRDA:11,1,1,0
BRF:2
BRH:0
end_of_record
TN:
SF:/Users/tomchristian/www/sandbox/nodejs/crypto-tracker/src/integrations/Binance/Sync.js
FN:5,(anonymous_1)
FN:19,(anonymous_2)
FN:30,(anonymous_3)
FN:39,(anonymous_4)
FN:43,(anonymous_5)
FN:58,(anonymous_6)
FNF:6
FNH:5
FNDA:11,(anonymous_1)
FNDA:0,(anonymous_2)
FNDA:4,(anonymous_3)
FNDA:2,(anonymous_4)
FNDA:5,(anonymous_5)
FNDA:6,(anonymous_6)
DA:1,1
DA:2,1
DA:11,11
DA:12,11
DA:13,11
DA:15,11
DA:16,11
DA:20,0
DA:21,0
DA:22,0
DA:25,0
DA:26,0
DA:31,4
DA:32,12
DA:34,8
DA:35,8
DA:40,2
DA:44,5
DA:45,5
DA:47,5
DA:48,1
DA:49,0
DA:52,4
DA:53,4
DA:54,4
DA:59,6
DA:63,1
LF:27
LH:21
BRDA:47,1,0,1
BRDA:47,1,1,4
BRDA:52,2,0,4
BRDA:52,2,1,0
BRF:4
BRH:3
end_of_record
TN:
SF:/Users/tomchristian/www/sandbox/nodejs/crypto-tracker/app.js
FNF:0
FNH:0
DA:2,0
DA:3,0
DA:4,0
DA:5,0
DA:6,0
DA:8,0
DA:10,0
DA:17,0
LF:8
LH:0
BRF:0
BRH:0
end_of_record
TN:
SF:/Users/tomchristian/www/sandbox/nodejs/crypto-tracker/secretStuff.js
FNF:0
FNH:0
DA:1,0
LF:1
LH:0
BRF:0
BRH:0
end_of_record
TN:
SF:/Users/tomchristian/www/sandbox/nodejs/crypto-tracker/src/utils/db.spec.js
FNF:0
FNH:0
LF:0
LH:0
BRF:0
BRH:0
end_of_record
TN:
SF:/Users/tomchristian/www/sandbox/nodejs/crypto-tracker/src/utils/request.spec.js
FNF:0
FNH:0
LF:0
LH:0
BRF:0
BRH:0
end_of_record
